<?xml version="1.0" encoding="UTF-8"?>
<testsuite xmlns:xsi="http://www.w3.org/2001/XMLSchema-instance" xsi:noNamespaceSchemaLocation="https://maven.apache.org/surefire/maven-surefire-plugin/xsd/surefire-test-report.xsd" name="tut4.CalcTest" time="0.016" tests="2" errors="0" skipped="0" failures="1">
  <properties>
[...]
</properties>
  <testcase name="add" classname="tut4.CalcTest" time="0.007"/>
  <testcase name="substract" classname="tut4.CalcTest" time="0.006">
    <failure message="expected: &lt;3&gt; but was: &lt;1&gt;" type="org.opentest4j.AssertionFailedError"><![CDATA[org.opentest4j.AssertionFailedError: expected: <3> but was: <1>
	at tut4.CalcTest.substract(CalcTest.java:19)
]]></failure>
  </testcase>
</testsuite>